<?xml version="1.0" encoding="UTF-8"?>
<!-- Generated by org.testng.reporters.JUnitReportReporter -->
<testsuite hostname="DESKTOP-BNOF1VU" failures="0" tests="4" name="com.first.project.DemoTest1" time="0.012" errors="0" timestamp="2019-11-30T17:58:45 IST" skipped="0">
  <testcase classname="com.first.project.DemoTest1" name="sum" time="0.004"/>
  <testcase classname="com.first.project.DemoTest1" name="mul" time="0.002"/>
  <testcase classname="com.first.project.DemoTest1" name="sub" time="0.003"/>
  <testcase classname="com.first.project.DemoTest1" name="div" time="0.003"/>
</testsuite> <!-- com.first.project.DemoTest1 -->
