<?xml version="1.0" encoding="UTF-8"?>
<!-- Generated by org.testng.reporters.JUnitReportReporter -->
<testsuite hostname="DESKTOP-BNOF1VU" failures="0" tests="1" name="com.selenium.testng.TestngBasic3" time="11.321" errors="0" timestamp="2019-11-30T22:24:10 IST" skipped="0">
  <testcase classname="com.selenium.testng.TestngBasic3" name="firsttest3" time="11.321"/>
</testsuite> <!-- com.selenium.testng.TestngBasic3 -->
