<?xml version="1.0" encoding="UTF-8"?>
<!-- Generated by org.testng.reporters.JUnitReportReporter -->
<testsuite hostname="HP" failures="0" tests="1" name="com.selenium.testng.TestngBasic3" time="1.825" errors="0" timestamp="2022-10-04T22:40:22 IST" skipped="0">
  <testcase classname="com.selenium.testng.TestngBasic3" name="firsttest3" time="1.825"/>
  <system-out/>
</testsuite> <!-- com.selenium.testng.TestngBasic3 -->
