<?xml version="1.0" encoding="UTF-8"?>
<!-- Generated by org.testng.reporters.JUnitReportReporter -->
<testsuite hostname="DESKTOP-BNOF1VU" failures="0" tests="4" name="com.first.project.DemoTest" time="0.041" errors="0" timestamp="2019-12-01T02:28:43 IST" skipped="0">
  <testcase classname="com.first.project.DemoTest" name="mul" time="0.003"/>
  <testcase classname="com.first.project.DemoTest" name="div" time="0.032"/>
  <testcase classname="com.first.project.DemoTest" name="sum" time="0.003"/>
  <testcase classname="com.first.project.DemoTest" name="sub" time="0.003"/>
</testsuite> <!-- com.first.project.DemoTest -->
