<?xml version="1.0" encoding="UTF-8"?>
<!-- Generated by org.testng.reporters.JUnitReportReporter -->
<testsuite hostname="DESKTOP-BNOF1VU" failures="0" tests="1" name="com.selenium.testng.TestngBasic" time="10.788" errors="0" timestamp="2019-11-30T22:24:10 IST" skipped="0">
  <testcase classname="com.selenium.testng.TestngBasic" name="firsttest" time="10.788"/>
</testsuite> <!-- com.selenium.testng.TestngBasic -->
