<?xml version="1.0" encoding="UTF-8"?>
<!-- Generated by org.testng.reporters.JUnitReportReporter -->
<testsuite hostname="HP" failures="0" tests="1" name="com.selenium.testng.TestngBasic2" time="1.972" errors="0" timestamp="2022-10-04T22:40:22 IST" skipped="0">
  <testcase classname="com.selenium.testng.TestngBasic2" name="firsttest2" time="1.972"/>
  <system-out/>
</testsuite> <!-- com.selenium.testng.TestngBasic2 -->
