<?xml version="1.0" encoding="UTF-8"?>
<!-- Generated by org.testng.reporters.JUnitReportReporter -->
<testsuite hostname="HP" failures="0" tests="4" name="com.first.project.DemoTest1" time="0.006" errors="0" timestamp="2022-10-04T22:40:22 IST" skipped="0">
  <testcase classname="com.first.project.DemoTest1" name="div" time="0.002"/>
  <system-out/>
  <testcase classname="com.first.project.DemoTest1" name="sub" time="0.002"/>
  <system-out/>
  <testcase classname="com.first.project.DemoTest1" name="mul" time="0.001"/>
  <system-out/>
  <testcase classname="com.first.project.DemoTest1" name="sum" time="0.001"/>
  <system-out/>
</testsuite> <!-- com.first.project.DemoTest1 -->
