<?xml version="1.0" encoding="UTF-8"?>
<!-- Generated by org.testng.reporters.JUnitReportReporter -->
<testsuite hostname="DESKTOP-BNOF1VU" failures="0" tests="1" name="com.testng.test.MercuryTest" time="15.268" errors="0" timestamp="2019-12-01T22:46:56 IST" skipped="0">
  <testcase classname="com.testng.test.MercuryTest" name="MercuryTest" time="15.268"/>
</testsuite> <!-- com.testng.test.MercuryTest -->
