<?xml version="1.0" encoding="UTF-8"?>
<!-- Generated by org.testng.reporters.JUnitReportReporter -->
<testsuite hostname="DESKTOP-BNOF1VU" failures="0" tests="3" name="com.testng.test.NewTest" time="0.022" errors="0" timestamp="2019-12-01T22:09:09 IST" skipped="0">
  <testcase classname="com.testng.test.NewTest" name="test3" time="0.004"/>
  <testcase classname="com.testng.test.NewTest" name="test" time="0.013"/>
  <testcase classname="com.testng.test.NewTest" name="test2" time="0.005"/>
</testsuite> <!-- com.testng.test.NewTest -->
