<?xml version="1.0" encoding="UTF-8"?>
<!-- Generated by org.testng.reporters.JUnitReportReporter -->
<testsuite hostname="DESKTOP-BNOF1VU" failures="0" tests="1" name="com.banking.testCases.Login_TC_001" time="6.546" errors="0" timestamp="2019-12-08T00:48:39 IST" skipped="0">
  <testcase classname="com.banking.testCases.Login_TC_001" name="LoginTest" time="6.546"/>
</testsuite> <!-- com.banking.testCases.Login_TC_001 -->
